
	---2024-05-28 10-21-43---

[0] Listening on host:127.0.0.1 port:8080

[0] 	->  ip/port: 127.0.0.1/8080
	sock_fd: 7
	number of connected clients (orphan): 0 (0)
	host list (2):
		->  Names : server2 another.name.en
	Max body size : 1024
	Error dir : /errors/my_custom_errors1/
		Locations : / /images/ /tmp/
		CGIs : *.php
		Clients (0) :
		->  Names : server1 another.name.fr
	Max body size : 1024
	Error dir : /errors/my_custom_errors1/
		Locations : / /images/ /tmp/
		CGIs : *.php
		Clients (0) :

[0] Listening on host:127.0.0.1 port:8000

[0] 	->  ip/port: 127.0.0.1/8000
	sock_fd: 8
	number of connected clients (orphan): 0 (0)
	host list (1):
		->  Names : server2
	Max body size : 2048
	Error dir : /errors/defaults/
		Locations : /desserts/tarte /recipes/
		CGIs : *.py
		Clients (0) :
